Using pre-set license
Built from '2020.3/staging' branch; Version is '2020.3.9f1 (108be757e447) revision 1084391'; Using compiler version '192528614'; Build Type 'Release'
OS: 'Windows 10 Pro; OS build 19043.1766; Version 2009; 64bit' Language: 'en' Physical Memory: 8067 MB
BatchMode: 1, IsHumanControllingUs: 0, StartBugReporterOnCrash: 0, Is64bit: 1, IsPro: 0

 COMMAND LINE ARGUMENTS:
C:\Program Files\Unity\Editor\Unity.exe
-adb2
-batchMode
-noUpm
-name
AssetImportWorker0
-projectPath
C:/Users/HP/Desktop/GithubProjects/MeltingIce/Melting Ice
-logFile
Logs/AssetImportWorker0.log
-srvPort
64504
Successfully changed project path to: C:/Users/HP/Desktop/GithubProjects/MeltingIce/Melting Ice
C:/Users/HP/Desktop/GithubProjects/MeltingIce/Melting Ice
Using Asset Import Pipeline V2.
Refreshing native plugins compatible for Editor in 29.71 ms, found 2 plugins.
Preloading 0 native plugins for Editor in 0.00 ms.
Initialize engine version: 2020.3.9f1 (108be757e447)
[Subsystems] Discovering subsystems at path C:/Program Files/Unity/Editor/Data/Resources/UnitySubsystems
[Subsystems] Discovering subsystems at path C:/Users/HP/Desktop/GithubProjects/MeltingIce/Melting Ice/Assets
GfxDevice: creating device client; threaded=0
Direct3D:
    Version:  Direct3D 11.0 [level 11.0]
    Renderer: NVIDIA GeForce GT 730 (ID=0x1287)
    Vendor:   
    VRAM:     2007 MB
    Driver:   27.21.14.5671
Initialize mono
Mono path[0] = 'C:/Program Files/Unity/Editor/Data/Managed'
Mono path[1] = 'C:/Program Files/Unity/Editor/Data/MonoBleedingEdge/lib/mono/unityjit'
Mono config path = 'C:/Program Files/Unity/Editor/Data/MonoBleedingEdge/etc'
Using monoOptions --debugger-agent=transport=dt_socket,embedding=1,server=y,suspend=n,address=127.0.0.1:56192
Begin MonoManager ReloadAssembly
Registering precompiled unity dll's ...
Register platform support module: C:/Program Files/Unity/Editor/Data/PlaybackEngines/WebGLSupport/UnityEditor.WebGL.Extensions.dll
Register platform support module: C:/Program Files/Unity/Editor/Data/PlaybackEngines/WindowsStandaloneSupport/UnityEditor.WindowsStandalone.Extensions.dll
Registered in 0.002272 seconds.
Native extension for WindowsStandalone target not found
Native extension for WebGL target not found
Refreshing native plugins compatible for Editor in 28.81 ms, found 2 plugins.
Preloading 0 native plugins for Editor in 0.00 ms.
Mono: successfully reloaded assembly
- Completed reload, in  1.218 seconds
Platform modules already initialized, skipping
Registering precompiled user dll's ...
Registered in 0.003675 seconds.
Begin MonoManager ReloadAssembly
Native extension for WindowsStandalone target not found
Native extension for WebGL target not found
Refreshing native plugins compatible for Editor in 0.38 ms, found 2 plugins.
Preloading 0 native plugins for Editor in 0.00 ms.
Mono: successfully reloaded assembly
- Completed reload, in  0.937 seconds
Platform modules already initialized, skipping
========================================================================
Worker process is ready to serve import requests
Launched and connected shader compiler UnityShaderCompiler.exe after 0.05 seconds
Refreshing native plugins compatible for Editor in 0.31 ms, found 2 plugins.
Preloading 0 native plugins for Editor in 0.00 ms.
Unloading 1432 Unused Serialized files (Serialized files now loaded: 0)
System memory in use before: 67.6 MB.
System memory in use after: 67.7 MB.

Unloading 18 unused Assets to reduce memory usage. Loaded Objects now: 1871.
Total: 2.047300 ms (FindLiveObjects: 0.127100 ms CreateObjectMapping: 0.037900 ms MarkObjects: 1.823700 ms  DeleteObjects: 0.057700 ms)

========================================================================
Received Import Request.
  path: Assets/App/Music&SFX/Soundscape_Magical_Concentrate_Soothing_Loop.wav
  artifactKey: Guid(ba271e0f5638fa543b42b9080a152553) Importer(815301076,1909f56bfc062723c751e8b465ee728b)
Start importing Assets/App/Music&SFX/Soundscape_Magical_Concentrate_Soothing_Loop.wav using Guid(ba271e0f5638fa543b42b9080a152553) Importer(815301076,1909f56bfc062723c751e8b465ee728b)  -> (artifact id: 'b564199994b9d0c7d749271e07e75c4a') in 0.145619 seconds
  Import took 0.148209 seconds .

========================================================================
Received Import Request.
  Time since last request: 0.000303 seconds.
  path: Assets/App/Music&SFX/ObstacleSound.mp3
  artifactKey: Guid(80cfce1864c894748bcf6bc815c5426a) Importer(815301076,1909f56bfc062723c751e8b465ee728b)
Start importing Assets/App/Music&SFX/ObstacleSound.mp3 using Guid(80cfce1864c894748bcf6bc815c5426a) Importer(815301076,1909f56bfc062723c751e8b465ee728b)  -> (artifact id: '229f44ffda8bb8991924b71017e693fa') in 0.011048 seconds
  Import took 0.013072 seconds .

========================================================================
Received Import Request.
  Time since last request: 0.000277 seconds.
  path: Assets/App/Music&SFX/IceLaunch.mp3
  artifactKey: Guid(0e02b4039a4ae3b4485eef9d3ea6d91c) Importer(815301076,1909f56bfc062723c751e8b465ee728b)
Start importing Assets/App/Music&SFX/IceLaunch.mp3 using Guid(0e02b4039a4ae3b4485eef9d3ea6d91c) Importer(815301076,1909f56bfc062723c751e8b465ee728b)  -> (artifact id: 'ce6dbaf8d41a38d4ef66098926ba1b3f') in 0.007983 seconds
  Import took 0.010292 seconds .

========================================================================
Received Import Request.
  Time since last request: 0.000347 seconds.
  path: Assets/App/Music&SFX/WaterBottleSoundEffect.mp3
  artifactKey: Guid(eb7288a93538f5e47b610887c35b5f5b) Importer(815301076,1909f56bfc062723c751e8b465ee728b)
Start importing Assets/App/Music&SFX/WaterBottleSoundEffect.mp3 using Guid(eb7288a93538f5e47b610887c35b5f5b) Importer(815301076,1909f56bfc062723c751e8b465ee728b)  -> (artifact id: 'd897cbca4649d63a274f934a3023958d') in 0.009283 seconds
  Import took 0.011547 seconds .

========================================================================
Received Import Request.
  Time since last request: 0.000225 seconds.
  path: Assets/App/Music&SFX/Coin.wav
  artifactKey: Guid(1426251b17528034c803ccd92f404924) Importer(815301076,1909f56bfc062723c751e8b465ee728b)
Start importing Assets/App/Music&SFX/Coin.wav using Guid(1426251b17528034c803ccd92f404924) Importer(815301076,1909f56bfc062723c751e8b465ee728b)  -> (artifact id: '1ea3508bc52a21091b516007d8f274d2') in 0.008576 seconds
  Import took 0.011079 seconds .

========================================================================
Received Import Request.
  Time since last request: 0.000306 seconds.
  path: Assets/App/Music&SFX/ButtonClick.wav
  artifactKey: Guid(0798177241ee3504986d56bc38bd69f9) Importer(815301076,1909f56bfc062723c751e8b465ee728b)
Start importing Assets/App/Music&SFX/ButtonClick.wav using Guid(0798177241ee3504986d56bc38bd69f9) Importer(815301076,1909f56bfc062723c751e8b465ee728b)  -> (artifact id: 'a6fae0b4788a7f0394ef648f381ddd5d') in 0.008416 seconds
  Import took 0.010508 seconds .

========================================================================
Received Import Request.
  Time since last request: 0.000288 seconds.
  path: Assets/App/Music&SFX/Whoosh Sound Effects (mp3cut.net).mp3
  artifactKey: Guid(6573955b69855a7479fcb29b92ba20c3) Importer(815301076,1909f56bfc062723c751e8b465ee728b)
Start importing Assets/App/Music&SFX/Whoosh Sound Effects (mp3cut.net).mp3 using Guid(6573955b69855a7479fcb29b92ba20c3) Importer(815301076,1909f56bfc062723c751e8b465ee728b)  -> (artifact id: 'a66c53c6c1fa2ebda13c54d90dc42b4a') in 0.009247 seconds
  Import took 0.011655 seconds .

========================================================================
Received Import Request.
  Time since last request: 0.000306 seconds.
  path: Assets/App/Music&SFX/IceLand.mp3
  artifactKey: Guid(fe34ac040fed80e45818912938da4d71) Importer(815301076,1909f56bfc062723c751e8b465ee728b)
Start importing Assets/App/Music&SFX/IceLand.mp3 using Guid(fe34ac040fed80e45818912938da4d71) Importer(815301076,1909f56bfc062723c751e8b465ee728b)  -> (artifact id: '44f5e1d650d177ae16e28276559f7a20') in 0.010945 seconds
  Import took 0.013228 seconds .

========================================================================
Received Import Request.
  Time since last request: 2.381690 seconds.
  path: Assets/App/Models
  artifactKey: Guid(a46ffa1c25de7a945b4d3e471402c003) Importer(815301076,1909f56bfc062723c751e8b465ee728b)
Start importing Assets/App/Models using Guid(a46ffa1c25de7a945b4d3e471402c003) Importer(815301076,1909f56bfc062723c751e8b465ee728b)  -> (artifact id: '72c39d02350deb21df8ca94d5e0d498a') in 0.001998 seconds
  Import took 0.004129 seconds .

========================================================================
Received Import Request.
  Time since last request: 0.009785 seconds.
  path: Assets/App/Models
  artifactKey: Guid(a46ffa1c25de7a945b4d3e471402c003) Importer(815301076,1909f56bfc062723c751e8b465ee728b)
Start importing Assets/App/Models using Guid(a46ffa1c25de7a945b4d3e471402c003) Importer(815301076,1909f56bfc062723c751e8b465ee728b)  -> (artifact id: '72c39d02350deb21df8ca94d5e0d498a') in 0.001794 seconds
  Import took 0.004022 seconds .

========================================================================
Received Import Request.
  Time since last request: 17.630949 seconds.
  path: Assets/App/Models/Ceiling.blend
  artifactKey: Guid(fc37c0eb9b2772140ac0376cc96a7425) Importer(815301076,1909f56bfc062723c751e8b465ee728b)
Start importing Assets/App/Models/Ceiling.blend using Guid(fc37c0eb9b2772140ac0376cc96a7425) Importer(815301076,1909f56bfc062723c751e8b465ee728b)  -> (artifact id: 'e2cff6ef5d3846f6ab453d02cff0ae4e') in 0.238419 seconds
  Import took 0.240732 seconds .

========================================================================
Received Import Request.
  Time since last request: 0.000288 seconds.
  path: Assets/App/Models/CeilingWithHole.blend
  artifactKey: Guid(dc7a868688d6496449b129a9686e48bc) Importer(815301076,1909f56bfc062723c751e8b465ee728b)
Start importing Assets/App/Models/CeilingWithHole.blend using Guid(dc7a868688d6496449b129a9686e48bc) Importer(815301076,1909f56bfc062723c751e8b465ee728b)  -> (artifact id: '17dbee31633b44910fff4536d104cbc7') in 0.012641 seconds
  Import took 0.014722 seconds .

========================================================================
Received Import Request.
  Time since last request: 0.000284 seconds.
  path: Assets/App/Models/Wall.blend
  artifactKey: Guid(48335f525355a5f499ce4534bce7a21b) Importer(815301076,1909f56bfc062723c751e8b465ee728b)
Start importing Assets/App/Models/Wall.blend using Guid(48335f525355a5f499ce4534bce7a21b) Importer(815301076,1909f56bfc062723c751e8b465ee728b)  -> (artifact id: 'd22fb8545ab3839ba93628e0ca62acec') in 0.267421 seconds
  Import took 0.270000 seconds .

========================================================================
Received Import Request.
  Time since last request: 0.000188 seconds.
  path: Assets/App/Models/Coin.blend
  artifactKey: Guid(e6ea219378dd2eb45bc2a0db7c57531b) Importer(815301076,1909f56bfc062723c751e8b465ee728b)
Start importing Assets/App/Models/Coin.blend using Guid(e6ea219378dd2eb45bc2a0db7c57531b) Importer(815301076,1909f56bfc062723c751e8b465ee728b)  -> (artifact id: '774a927622eca3d20781476c9d6e1172') in 0.011704 seconds
  Import took 0.013962 seconds .

========================================================================
Received Import Request.
  Time since last request: 0.000197 seconds.
  path: Assets/App/Models/WaterBottle.blend
  artifactKey: Guid(c8d967e764fe5964eaf1dac315e1276e) Importer(815301076,1909f56bfc062723c751e8b465ee728b)
Start importing Assets/App/Models/WaterBottle.blend using Guid(c8d967e764fe5964eaf1dac315e1276e) Importer(815301076,1909f56bfc062723c751e8b465ee728b)  -> (artifact id: '4cc1af6c393fbdd1c3fc37998518fd81') in 0.036844 seconds
  Import took 0.039335 seconds .

========================================================================
Received Import Request.
  Time since last request: 0.000191 seconds.
  path: Assets/App/Models/SnowCollectible.blend
  artifactKey: Guid(122434ad9a2cd21419a941272e5bbe63) Importer(815301076,1909f56bfc062723c751e8b465ee728b)
Start importing Assets/App/Models/SnowCollectible.blend using Guid(122434ad9a2cd21419a941272e5bbe63) Importer(815301076,1909f56bfc062723c751e8b465ee728b)  -> (artifact id: '7af61f1789714584947f025dd2482e48') in 0.013318 seconds
  Import took 0.015748 seconds .

========================================================================
Received Import Request.
  Time since last request: 0.000255 seconds.
  path: Assets/App/Models/WallWithWindow.blend
  artifactKey: Guid(1779a2a6f134a474bb72092d7eea1fb2) Importer(815301076,1909f56bfc062723c751e8b465ee728b)
Start importing Assets/App/Models/WallWithWindow.blend using Guid(1779a2a6f134a474bb72092d7eea1fb2) Importer(815301076,1909f56bfc062723c751e8b465ee728b)  -> (artifact id: 'c9d5b383ae27eb314c56fa50f29576e0') in 0.098583 seconds
  Import took 0.102640 seconds .

========================================================================
Received Prepare
Registering precompiled user dll's ...
Registered in 0.003495 seconds.
Begin MonoManager ReloadAssembly
Native extension for WindowsStandalone target not found
Native extension for WebGL target not found
Refreshing native plugins compatible for Editor in 0.32 ms, found 2 plugins.
Preloading 0 native plugins for Editor in 0.00 ms.
Mono: successfully reloaded assembly
- Completed reload, in  0.985 seconds
Platform modules already initialized, skipping
Refreshing native plugins compatible for Editor in 0.33 ms, found 2 plugins.
Preloading 0 native plugins for Editor in 0.00 ms.
Unloading 1413 Unused Serialized files (Serialized files now loaded: 0)
System memory in use before: 69.6 MB.
System memory in use after: 69.7 MB.

Unloading 14 unused Assets to reduce memory usage. Loaded Objects now: 1886.
Total: 1.869300 ms (FindLiveObjects: 0.156300 ms CreateObjectMapping: 0.039600 ms MarkObjects: 1.655300 ms  DeleteObjects: 0.017400 ms)

========================================================================
Received Import Request.
  Time since last request: 1387.532277 seconds.
  path: Assets/App/Prefabs/Coin.prefab
  artifactKey: Guid(bcf0c41d2fd78cb43a0d4ef34116f70b) Importer(815301076,1909f56bfc062723c751e8b465ee728b)
Start importing Assets/App/Prefabs/Coin.prefab using Guid(bcf0c41d2fd78cb43a0d4ef34116f70b) Importer(815301076,1909f56bfc062723c751e8b465ee728b)  -> (artifact id: '3abcaf62360b33db688c99246bf34cb2') in 0.057552 seconds
  Import took 0.060728 seconds .

========================================================================
Received Import Request.
  Time since last request: 0.000299 seconds.
  path: Assets/App/Prefabs/CoinParticle.prefab
  artifactKey: Guid(5ee79822d395f10429fed4da4268377a) Importer(815301076,1909f56bfc062723c751e8b465ee728b)
Start importing Assets/App/Prefabs/CoinParticle.prefab using Guid(5ee79822d395f10429fed4da4268377a) Importer(815301076,1909f56bfc062723c751e8b465ee728b)  -> (artifact id: '394d0e31fbb2242bc983e16677c9e9ef') in 0.006286 seconds
  Import took 0.008388 seconds .

========================================================================
Received Import Request.
  Time since last request: 0.000296 seconds.
  path: Assets/App/Prefabs/WaterParticle.prefab
  artifactKey: Guid(df5bae489a429da4bbf1921d664cbad7) Importer(815301076,1909f56bfc062723c751e8b465ee728b)
Start importing Assets/App/Prefabs/WaterParticle.prefab using Guid(df5bae489a429da4bbf1921d664cbad7) Importer(815301076,1909f56bfc062723c751e8b465ee728b)  -> (artifact id: 'e77071cc3e37adb32a758d2fa87ca17a') in 0.003913 seconds
  Import took 0.006056 seconds .

========================================================================
Received Import Request.
  Time since last request: 0.000306 seconds.
  path: Assets/App/Prefabs/WaterBottlePrefab.prefab
  artifactKey: Guid(a6dbe568d99fdc245ba2d1375b5ea2d4) Importer(815301076,1909f56bfc062723c751e8b465ee728b)
Start importing Assets/App/Prefabs/WaterBottlePrefab.prefab using Guid(a6dbe568d99fdc245ba2d1375b5ea2d4) Importer(815301076,1909f56bfc062723c751e8b465ee728b)  -> (artifact id: '5785c38f8632dc9da4451b4d2350016d') in 0.008295 seconds
  Import took 0.010621 seconds .

========================================================================
Received Import Request.
  Time since last request: 0.000319 seconds.
  path: Assets/App/Prefabs/ScoreImage.prefab
  artifactKey: Guid(a7e9e563dc1f5ba4c8d4e63fbcbac13e) Importer(815301076,1909f56bfc062723c751e8b465ee728b)
Start importing Assets/App/Prefabs/ScoreImage.prefab using Guid(a7e9e563dc1f5ba4c8d4e63fbcbac13e) Importer(815301076,1909f56bfc062723c751e8b465ee728b)  -> (artifact id: 'fba5e373c4ac54aad4df3a2ee970c74a') in 0.010989 seconds
  Import took 0.013465 seconds .

========================================================================
Received Import Request.
  Time since last request: 0.000296 seconds.
  path: Assets/App/Prefabs/StartPoint.prefab
  artifactKey: Guid(2cf2a7f4e3e0c9e48845b0064d537970) Importer(815301076,1909f56bfc062723c751e8b465ee728b)
Start importing Assets/App/Prefabs/StartPoint.prefab using Guid(2cf2a7f4e3e0c9e48845b0064d537970) Importer(815301076,1909f56bfc062723c751e8b465ee728b)  -> (artifact id: '19b11d5ef37a6eba3f3c835627282064') in 0.013049 seconds
  Import took 0.015529 seconds .

========================================================================
Received Import Request.
  Time since last request: 0.003887 seconds.
  path: Assets/App/Prefabs/StartPoint.prefab
  artifactKey: Guid(2cf2a7f4e3e0c9e48845b0064d537970) Importer(815301076,1909f56bfc062723c751e8b465ee728b)
Start importing Assets/App/Prefabs/StartPoint.prefab using Guid(2cf2a7f4e3e0c9e48845b0064d537970) Importer(815301076,1909f56bfc062723c751e8b465ee728b)  -> (artifact id: '19b11d5ef37a6eba3f3c835627282064') in 0.009802 seconds
  Import took 0.012331 seconds .

========================================================================
Received Prepare
Registering precompiled user dll's ...
Registered in 0.003534 seconds.
Begin MonoManager ReloadAssembly
Native extension for WindowsStandalone target not found
Native extension for WebGL target not found
Refreshing native plugins compatible for Editor in 0.34 ms, found 2 plugins.
Preloading 0 native plugins for Editor in 0.00 ms.
Mono: successfully reloaded assembly
- Completed reload, in  0.992 seconds
Platform modules already initialized, skipping
Refreshing native plugins compatible for Editor in 0.38 ms, found 2 plugins.
Preloading 0 native plugins for Editor in 0.00 ms.
Unloading 1413 Unused Serialized files (Serialized files now loaded: 0)
System memory in use before: 69.7 MB.
System memory in use after: 69.8 MB.

Unloading 14 unused Assets to reduce memory usage. Loaded Objects now: 1891.
Total: 1.830100 ms (FindLiveObjects: 0.145600 ms CreateObjectMapping: 0.048300 ms MarkObjects: 1.617900 ms  DeleteObjects: 0.017400 ms)

========================================================================
Received Prepare
Registering precompiled user dll's ...
Registered in 0.003524 seconds.
Begin MonoManager ReloadAssembly
Native extension for WindowsStandalone target not found
Native extension for WebGL target not found
Refreshing native plugins compatible for Editor in 0.32 ms, found 2 plugins.
Preloading 0 native plugins for Editor in 0.00 ms.
Mono: successfully reloaded assembly
- Completed reload, in  0.948 seconds
Platform modules already initialized, skipping
Refreshing native plugins compatible for Editor in 0.33 ms, found 2 plugins.
Preloading 0 native plugins for Editor in 0.00 ms.
Unloading 1413 Unused Serialized files (Serialized files now loaded: 0)
System memory in use before: 69.7 MB.
System memory in use after: 69.8 MB.

Unloading 13 unused Assets to reduce memory usage. Loaded Objects now: 1893.
Total: 2.035100 ms (FindLiveObjects: 0.128200 ms CreateObjectMapping: 0.039700 ms MarkObjects: 1.852800 ms  DeleteObjects: 0.013800 ms)

========================================================================
Received Prepare
Registering precompiled user dll's ...
Registered in 0.003450 seconds.
Begin MonoManager ReloadAssembly
Native extension for WindowsStandalone target not found
Native extension for WebGL target not found
Refreshing native plugins compatible for Editor in 0.32 ms, found 2 plugins.
Preloading 0 native plugins for Editor in 0.00 ms.
Mono: successfully reloaded assembly
- Completed reload, in  0.995 seconds
Platform modules already initialized, skipping
Refreshing native plugins compatible for Editor in 0.32 ms, found 2 plugins.
Preloading 0 native plugins for Editor in 0.00 ms.
Unloading 1413 Unused Serialized files (Serialized files now loaded: 0)
System memory in use before: 69.7 MB.
System memory in use after: 69.8 MB.

Unloading 13 unused Assets to reduce memory usage. Loaded Objects now: 1895.
Total: 1.928100 ms (FindLiveObjects: 0.130100 ms CreateObjectMapping: 0.038600 ms MarkObjects: 1.744600 ms  DeleteObjects: 0.013900 ms)

========================================================================
Received Import Request.
  Time since last request: 552.396238 seconds.
  path: Assets/App/Prefabs/StartPoint.prefab
  artifactKey: Guid(2cf2a7f4e3e0c9e48845b0064d537970) Importer(815301076,1909f56bfc062723c751e8b465ee728b)
Start importing Assets/App/Prefabs/StartPoint.prefab using Guid(2cf2a7f4e3e0c9e48845b0064d537970) Importer(815301076,1909f56bfc062723c751e8b465ee728b)  -> (artifact id: 'f89fb347220adf915775cde403178077') in 0.055321 seconds
  Import took 0.058059 seconds .

========================================================================
Received Import Request.
  Time since last request: 4.542315 seconds.
  path: Assets/App/Prefabs/StartPoint.prefab
  artifactKey: Guid(2cf2a7f4e3e0c9e48845b0064d537970) Importer(815301076,1909f56bfc062723c751e8b465ee728b)
Start importing Assets/App/Prefabs/StartPoint.prefab using Guid(2cf2a7f4e3e0c9e48845b0064d537970) Importer(815301076,1909f56bfc062723c751e8b465ee728b)  -> (artifact id: '77a0161c183be589239350a9809e456e') in 0.013065 seconds
  Import took 0.015519 seconds .

========================================================================
Received Import Request.
  Time since last request: 2.216970 seconds.
  path: Assets/App/Prefabs/StartPoint.prefab
  artifactKey: Guid(2cf2a7f4e3e0c9e48845b0064d537970) Importer(815301076,1909f56bfc062723c751e8b465ee728b)
Start importing Assets/App/Prefabs/StartPoint.prefab using Guid(2cf2a7f4e3e0c9e48845b0064d537970) Importer(815301076,1909f56bfc062723c751e8b465ee728b)  -> (artifact id: 'ab78c307e1792130b7b027206c7391c2') in 0.013673 seconds
  Import took 0.016527 seconds .

========================================================================
Received Import Request.
  Time since last request: 2.591023 seconds.
  path: Assets/App/Prefabs/StartPoint.prefab
  artifactKey: Guid(2cf2a7f4e3e0c9e48845b0064d537970) Importer(815301076,1909f56bfc062723c751e8b465ee728b)
Start importing Assets/App/Prefabs/StartPoint.prefab using Guid(2cf2a7f4e3e0c9e48845b0064d537970) Importer(815301076,1909f56bfc062723c751e8b465ee728b)  -> (artifact id: '12951f8ba1534d12481623ffcf6f22c2') in 0.014899 seconds
  Import took 0.017568 seconds .

========================================================================
Received Import Request.
  Time since last request: 2.010757 seconds.
  path: Assets/App/Prefabs/StartPoint.prefab
  artifactKey: Guid(2cf2a7f4e3e0c9e48845b0064d537970) Importer(815301076,1909f56bfc062723c751e8b465ee728b)
Start importing Assets/App/Prefabs/StartPoint.prefab using Guid(2cf2a7f4e3e0c9e48845b0064d537970) Importer(815301076,1909f56bfc062723c751e8b465ee728b)  -> (artifact id: 'b588effbf78e9a3707e77531caa1e2a8') in 0.016196 seconds
  Import took 0.018822 seconds .

========================================================================
Received Import Request.
  Time since last request: 108.381454 seconds.
  path: Assets/App/Prefabs/StartPoint.prefab
  artifactKey: Guid(2cf2a7f4e3e0c9e48845b0064d537970) Importer(815301076,1909f56bfc062723c751e8b465ee728b)
Start importing Assets/App/Prefabs/StartPoint.prefab using Guid(2cf2a7f4e3e0c9e48845b0064d537970) Importer(815301076,1909f56bfc062723c751e8b465ee728b)  -> (artifact id: '4cfbd1bc738698a5d90c7b047ac31db7') in 0.012447 seconds
  Import took 0.015267 seconds .

========================================================================
Received Import Request.
  Time since last request: 10.280255 seconds.
  path: Assets/App/Prefabs/StartPoint.prefab
  artifactKey: Guid(2cf2a7f4e3e0c9e48845b0064d537970) Importer(815301076,1909f56bfc062723c751e8b465ee728b)
Start importing Assets/App/Prefabs/StartPoint.prefab using Guid(2cf2a7f4e3e0c9e48845b0064d537970) Importer(815301076,1909f56bfc062723c751e8b465ee728b)  -> (artifact id: '49b3d2146d73388517210e670f95bfc9') in 0.012443 seconds
  Import took 0.014937 seconds .

========================================================================
Received Import Request.
  Time since last request: 2.815593 seconds.
  path: Assets/App/Prefabs/StartPoint.prefab
  artifactKey: Guid(2cf2a7f4e3e0c9e48845b0064d537970) Importer(815301076,1909f56bfc062723c751e8b465ee728b)
Start importing Assets/App/Prefabs/StartPoint.prefab using Guid(2cf2a7f4e3e0c9e48845b0064d537970) Importer(815301076,1909f56bfc062723c751e8b465ee728b)  -> (artifact id: '6dc2a493237b82bec6f61f1e3c49a3d1') in 0.013598 seconds
  Import took 0.016218 seconds .

========================================================================
Received Import Request.
  Time since last request: 10.870109 seconds.
  path: Assets/App/Prefabs/StartPoint.prefab
  artifactKey: Guid(2cf2a7f4e3e0c9e48845b0064d537970) Importer(815301076,1909f56bfc062723c751e8b465ee728b)
Start importing Assets/App/Prefabs/StartPoint.prefab using Guid(2cf2a7f4e3e0c9e48845b0064d537970) Importer(815301076,1909f56bfc062723c751e8b465ee728b)  -> (artifact id: '93ef5e6f90ee2aa4f79598f93b0fe61c') in 0.013137 seconds
  Import took 0.015877 seconds .

========================================================================
Received Import Request.
  Time since last request: 3.446825 seconds.
  path: Assets/App/Prefabs/StartPoint.prefab
  artifactKey: Guid(2cf2a7f4e3e0c9e48845b0064d537970) Importer(815301076,1909f56bfc062723c751e8b465ee728b)
Start importing Assets/App/Prefabs/StartPoint.prefab using Guid(2cf2a7f4e3e0c9e48845b0064d537970) Importer(815301076,1909f56bfc062723c751e8b465ee728b)  -> (artifact id: 'd637d2706e90e2e9692e8131b664cb8c') in 0.014882 seconds
  Import took 0.017885 seconds .

========================================================================
Received Import Request.
  Time since last request: 12.137081 seconds.
  path: Assets/App/Prefabs/StartPoint.prefab
  artifactKey: Guid(2cf2a7f4e3e0c9e48845b0064d537970) Importer(815301076,1909f56bfc062723c751e8b465ee728b)
Start importing Assets/App/Prefabs/StartPoint.prefab using Guid(2cf2a7f4e3e0c9e48845b0064d537970) Importer(815301076,1909f56bfc062723c751e8b465ee728b)  -> (artifact id: '629932bd66dbb9e676a75bec2f757b26') in 0.015156 seconds
  Import took 0.017693 seconds .

========================================================================
Received Import Request.
  Time since last request: 20.134218 seconds.
  path: Assets/App/Prefabs/StartPoint.prefab
  artifactKey: Guid(2cf2a7f4e3e0c9e48845b0064d537970) Importer(815301076,1909f56bfc062723c751e8b465ee728b)
Start importing Assets/App/Prefabs/StartPoint.prefab using Guid(2cf2a7f4e3e0c9e48845b0064d537970) Importer(815301076,1909f56bfc062723c751e8b465ee728b)  -> (artifact id: '5c968c8188cc522b9735507604693e82') in 0.013146 seconds
  Import took 0.015704 seconds .

========================================================================
Received Import Request.
  Time since last request: 2.243977 seconds.
  path: Assets/App/Prefabs/StartPoint.prefab
  artifactKey: Guid(2cf2a7f4e3e0c9e48845b0064d537970) Importer(815301076,1909f56bfc062723c751e8b465ee728b)
Start importing Assets/App/Prefabs/StartPoint.prefab using Guid(2cf2a7f4e3e0c9e48845b0064d537970) Importer(815301076,1909f56bfc062723c751e8b465ee728b)  -> (artifact id: '18c66fe4bdbd99b8fe5b99c105b32aa1') in 0.009687 seconds
  Import took 0.012269 seconds .

========================================================================
Received Import Request.
  Time since last request: 67.222676 seconds.
  path: Assets/App/States/Rooms/Ceiling.prefab
  artifactKey: Guid(9acbda4ca6029524fac91320995c6bba) Importer(815301076,1909f56bfc062723c751e8b465ee728b)
Start importing Assets/App/States/Rooms/Ceiling.prefab using Guid(9acbda4ca6029524fac91320995c6bba) Importer(815301076,1909f56bfc062723c751e8b465ee728b)  -> (artifact id: '9571084437664ce32f574b5f2b247d54') in 0.015209 seconds
  Import took 0.018503 seconds .

========================================================================
Received Import Request.
  Time since last request: 0.000308 seconds.
  path: Assets/App/States/Rooms/WallsState.asset
  artifactKey: Guid(cf27e61605420834e86c7c75ff520bb2) Importer(815301076,1909f56bfc062723c751e8b465ee728b)
Start importing Assets/App/States/Rooms/WallsState.asset using Guid(cf27e61605420834e86c7c75ff520bb2) Importer(815301076,1909f56bfc062723c751e8b465ee728b)  -> (artifact id: '426c51e7a4db18d1438abbfe232a223e') in 0.007718 seconds
  Import took 0.010649 seconds .

========================================================================
Received Import Request.
  Time since last request: 0.000310 seconds.
  path: Assets/App/States/Rooms/WallWithWindowL.prefab
  artifactKey: Guid(bfe11f41a496e7b4cae509dcee189b0d) Importer(815301076,1909f56bfc062723c751e8b465ee728b)
Start importing Assets/App/States/Rooms/WallWithWindowL.prefab using Guid(bfe11f41a496e7b4cae509dcee189b0d) Importer(815301076,1909f56bfc062723c751e8b465ee728b)  -> (artifact id: 'f8cfaa15537642f90b52a22ed9a1ce8c') in 0.017144 seconds
  Import took 0.019791 seconds .

========================================================================
Received Import Request.
  Time since last request: 0.000325 seconds.
  path: Assets/App/States/Rooms/coin_01.png
  artifactKey: Guid(eded211396fddfe43b7c5f5c40a4f405) Importer(815301076,1909f56bfc062723c751e8b465ee728b)
Start importing Assets/App/States/Rooms/coin_01.png using Guid(eded211396fddfe43b7c5f5c40a4f405) Importer(815301076,1909f56bfc062723c751e8b465ee728b)  -> (artifact id: '44c7b7442b157a3d0ef2cd45475e3b71') in 0.027832 seconds
  Import took 0.030467 seconds .

========================================================================
Received Import Request.
  Time since last request: 0.000316 seconds.
  path: Assets/App/States/Rooms/WallLeft.prefab
  artifactKey: Guid(436d4ea8df5318b4f9e2818d074ae37b) Importer(815301076,1909f56bfc062723c751e8b465ee728b)
Start importing Assets/App/States/Rooms/WallLeft.prefab using Guid(436d4ea8df5318b4f9e2818d074ae37b) Importer(815301076,1909f56bfc062723c751e8b465ee728b)  -> (artifact id: '4dd4b6a4677c6a29495e7be1cff1d3de') in 0.007786 seconds
  Import took 0.010403 seconds .

========================================================================
Received Import Request.
  Time since last request: 0.000309 seconds.
  path: Assets/App/States/Rooms/WallRight.prefab
  artifactKey: Guid(3d6c376e807648b4c80b34eda86fb0cb) Importer(815301076,1909f56bfc062723c751e8b465ee728b)
Start importing Assets/App/States/Rooms/WallRight.prefab using Guid(3d6c376e807648b4c80b34eda86fb0cb) Importer(815301076,1909f56bfc062723c751e8b465ee728b)  -> (artifact id: '2bb81e729f70dd67f6d33bea6847eb1a') in 0.007541 seconds
  Import took 0.009869 seconds .

========================================================================
Received Import Request.
  Time since last request: 0.000285 seconds.
  path: Assets/App/States/Rooms/WallWithWindowR.prefab
  artifactKey: Guid(e7764eba998aee14d95fc4e63f420634) Importer(815301076,1909f56bfc062723c751e8b465ee728b)
Start importing Assets/App/States/Rooms/WallWithWindowR.prefab using Guid(e7764eba998aee14d95fc4e63f420634) Importer(815301076,1909f56bfc062723c751e8b465ee728b)  -> (artifact id: '33bf81eee8f112bdb536fedef36d7e63') in 0.012386 seconds
  Import took 0.014774 seconds .

========================================================================
Received Import Request.
  Time since last request: 0.000313 seconds.
  path: Assets/App/States/Rooms/CeilingWithHole.prefab
  artifactKey: Guid(bb4a990480481814d9c76d8fa606b392) Importer(815301076,1909f56bfc062723c751e8b465ee728b)
Start importing Assets/App/States/Rooms/CeilingWithHole.prefab using Guid(bb4a990480481814d9c76d8fa606b392) Importer(815301076,1909f56bfc062723c751e8b465ee728b)  -> (artifact id: '7c69023dc4f6fddbf6bba00f028c31b2') in 0.007978 seconds
  Import took 0.010498 seconds .

========================================================================
Received Import Request.
  Time since last request: 0.005683 seconds.
  path: Assets/App/States/Rooms/WallWithWindowR.prefab
  artifactKey: Guid(e7764eba998aee14d95fc4e63f420634) Importer(815301076,1909f56bfc062723c751e8b465ee728b)
Start importing Assets/App/States/Rooms/WallWithWindowR.prefab using Guid(e7764eba998aee14d95fc4e63f420634) Importer(815301076,1909f56bfc062723c751e8b465ee728b)  -> (artifact id: '33bf81eee8f112bdb536fedef36d7e63') in 0.008705 seconds
  Import took 0.011282 seconds .

========================================================================
Received Prepare
Registering precompiled user dll's ...
Registered in 0.003451 seconds.
Begin MonoManager ReloadAssembly
Native extension for WindowsStandalone target not found
Native extension for WebGL target not found
Refreshing native plugins compatible for Editor in 0.32 ms, found 2 plugins.
Preloading 0 native plugins for Editor in 0.00 ms.
Mono: successfully reloaded assembly
- Completed reload, in  0.968 seconds
Platform modules already initialized, skipping
Refreshing native plugins compatible for Editor in 0.32 ms, found 2 plugins.
Preloading 0 native plugins for Editor in 0.00 ms.
Unloading 1413 Unused Serialized files (Serialized files now loaded: 0)
System memory in use before: 69.9 MB.
System memory in use after: 70.0 MB.

Unloading 14 unused Assets to reduce memory usage. Loaded Objects now: 1900.
Total: 1.958600 ms (FindLiveObjects: 0.126500 ms CreateObjectMapping: 0.038800 ms MarkObjects: 1.775000 ms  DeleteObjects: 0.017600 ms)

========================================================================
Received Prepare
Registering precompiled user dll's ...
Registered in 0.003556 seconds.
Begin MonoManager ReloadAssembly
Native extension for WindowsStandalone target not found
Native extension for WebGL target not found
Refreshing native plugins compatible for Editor in 0.34 ms, found 2 plugins.
Preloading 0 native plugins for Editor in 0.00 ms.
Mono: successfully reloaded assembly
- Completed reload, in  0.957 seconds
Platform modules already initialized, skipping
Refreshing native plugins compatible for Editor in 0.34 ms, found 2 plugins.
Preloading 0 native plugins for Editor in 0.00 ms.
Unloading 1413 Unused Serialized files (Serialized files now loaded: 0)
System memory in use before: 69.9 MB.
System memory in use after: 70.0 MB.

Unloading 13 unused Assets to reduce memory usage. Loaded Objects now: 1902.
Total: 1.848400 ms (FindLiveObjects: 0.126100 ms CreateObjectMapping: 0.042500 ms MarkObjects: 1.666300 ms  DeleteObjects: 0.012800 ms)

========================================================================
Received Prepare
Registering precompiled user dll's ...
Registered in 0.003469 seconds.
Begin MonoManager ReloadAssembly
Native extension for WindowsStandalone target not found
Native extension for WebGL target not found
Refreshing native plugins compatible for Editor in 0.33 ms, found 2 plugins.
Preloading 0 native plugins for Editor in 0.00 ms.
Mono: successfully reloaded assembly
- Completed reload, in  0.886 seconds
Platform modules already initialized, skipping
Refreshing native plugins compatible for Editor in 0.35 ms, found 2 plugins.
Preloading 0 native plugins for Editor in 0.00 ms.
Unloading 1413 Unused Serialized files (Serialized files now loaded: 0)
System memory in use before: 69.9 MB.
System memory in use after: 70.0 MB.

Unloading 13 unused Assets to reduce memory usage. Loaded Objects now: 1904.
Total: 2.080100 ms (FindLiveObjects: 0.139300 ms CreateObjectMapping: 0.041600 ms MarkObjects: 1.881700 ms  DeleteObjects: 0.016400 ms)

========================================================================
Received Prepare
Registering precompiled user dll's ...
Registered in 0.003903 seconds.
Begin MonoManager ReloadAssembly
Native extension for WindowsStandalone target not found
Native extension for WebGL target not found
Refreshing native plugins compatible for Editor in 0.32 ms, found 2 plugins.
Preloading 0 native plugins for Editor in 0.00 ms.
Mono: successfully reloaded assembly
- Completed reload, in  0.958 seconds
Platform modules already initialized, skipping
Refreshing native plugins compatible for Editor in 0.33 ms, found 2 plugins.
Preloading 0 native plugins for Editor in 0.00 ms.
Unloading 1413 Unused Serialized files (Serialized files now loaded: 0)
System memory in use before: 69.9 MB.
System memory in use after: 70.0 MB.

Unloading 13 unused Assets to reduce memory usage. Loaded Objects now: 1906.
Total: 2.305900 ms (FindLiveObjects: 0.148400 ms CreateObjectMapping: 0.043200 ms MarkObjects: 2.097200 ms  DeleteObjects: 0.016200 ms)

========================================================================
Received Prepare
Registering precompiled user dll's ...
Registered in 0.003729 seconds.
Begin MonoManager ReloadAssembly
Native extension for WindowsStandalone target not found
Native extension for WebGL target not found
Refreshing native plugins compatible for Editor in 0.38 ms, found 2 plugins.
Preloading 0 native plugins for Editor in 0.00 ms.
Mono: successfully reloaded assembly
- Completed reload, in  1.004 seconds
Platform modules already initialized, skipping
Refreshing native plugins compatible for Editor in 0.32 ms, found 2 plugins.
Preloading 0 native plugins for Editor in 0.00 ms.
Unloading 1413 Unused Serialized files (Serialized files now loaded: 0)
System memory in use before: 69.9 MB.
System memory in use after: 70.0 MB.

Unloading 13 unused Assets to reduce memory usage. Loaded Objects now: 1908.
Total: 2.715400 ms (FindLiveObjects: 0.142100 ms CreateObjectMapping: 0.040100 ms MarkObjects: 2.501500 ms  DeleteObjects: 0.030600 ms)

========================================================================
Received Import Request.
  Time since last request: 1761.798020 seconds.
  path: Assets/App/Scripts/CollectibleStateSO.cs
  artifactKey: Guid(0d684e26df61e3541bcbbc4aadc03749) Importer(815301076,1909f56bfc062723c751e8b465ee728b)
Start importing Assets/App/Scripts/CollectibleStateSO.cs using Guid(0d684e26df61e3541bcbbc4aadc03749) Importer(815301076,1909f56bfc062723c751e8b465ee728b)  -> (artifact id: '9914c3db00cbd3b45418be1415205395') in 0.015435 seconds
  Import took 0.018207 seconds .

========================================================================
Received Import Request.
  Time since last request: 1.315534 seconds.
  path: Assets/App/Scripts/CoinTweenController.cs
  artifactKey: Guid(14778f6e715d58441835f8075ed06912) Importer(815301076,1909f56bfc062723c751e8b465ee728b)
Start importing Assets/App/Scripts/CoinTweenController.cs using Guid(14778f6e715d58441835f8075ed06912) Importer(815301076,1909f56bfc062723c751e8b465ee728b)  -> (artifact id: '1d8239475e7a7f31cde02129e9404fa7') in 0.002132 seconds
  Import took 0.004458 seconds .

========================================================================
Received Import Request.
  Time since last request: 0.002720 seconds.
  path: Assets/App/Scripts/CoinTweenController.cs
  artifactKey: Guid(14778f6e715d58441835f8075ed06912) Importer(815301076,1909f56bfc062723c751e8b465ee728b)
Start importing Assets/App/Scripts/CoinTweenController.cs using Guid(14778f6e715d58441835f8075ed06912) Importer(815301076,1909f56bfc062723c751e8b465ee728b)  -> (artifact id: '1d8239475e7a7f31cde02129e9404fa7') in 0.002043 seconds
  Import took 0.004449 seconds .

AssetImportWorkerClient::OnTransportError - code=2 error=End of file
